R2
R2
R3
R3
u1
u1
r15
r5
r5
r5
R5
R2
R2
u1
R2
u1
r2
R2
r2
r2
r2
R2
U1
R1
R1
R1
U3
R1
R1
R1
R1
R1
R1
R1
R2
U1
R1
U1
U2
U3
U3
U3
U3
U3
U3
U3
U4
U1
U1
U1
R3
R3
U1
R3
U1
R3
U1
U1
U1
U1
U1
U1
U1
R3
U1
R3
U1
L1
L2
U2
R3
R2
D2
D1
R1
R2
U1
U1
U1
U1
U1
U1
U1
U1
U1
R3
R3
D1
D1
D1
D1
D1
D1
D1
D1
L2
L2
L2
L2
R2
R2
R3
u1
l1
l1
l1
l1
l1
l1
u1
u1
u1
u1
u1
u1
u1
r3
U3
L1
R3
r3
u3
r3
u3
l1
r1
r1
r3
u3
l1
r1
r1
r1
r1
r1
R3
u3
r3
d2
r3
R3
r3
r3
r3
r3
r3
r3
u3
r3
r3
r3
r3
r3
r3
r3
r3
r3
l3
l3
l3
l3
l3
l3
l3
l3
d2
r2
r3
u3
r3
r3
r3
u3
r3
r3
r3
r3
u3
r3
u3
r3
r3
u3
r1
r3
r3
u3
r1
d1
r3
r3
u3
r3
u3
r3
u2
r2
r1
r1
r1
r1
r1
r1
r1
r1
r1
r1
r1
r1
r1
r1
r1
r1
r1
r1
r1
u3
u1
u1
u1
u1
u1
u1
u1
u1
u1
l1
l1
l1
l1
l1
l1
l1
l1
l1
l1
l1
l1
l1
l1
l1
l1
l1
l1
l1
l1
l1
l1
l1
l1
d2
d2
d2
d2
